C51 COMPILER V9.00   LED                                                                   09/10/2019 16:09:43 PAGE 1   


C51 COMPILER V9.00, COMPILATION OF MODULE LED
OBJECT MODULE PLACED IN LED.OBJ
COMPILER INVOKED BY: D:\Keil\C51\BIN\C51.EXE LED.c BROWSE DEBUG OBJECTEXTEND

line level    source

   1          /********************************************************************************
   2                                                  
   3          程序功能：      用逐位赋值的方法点亮第一、第三、第五、第七个发光二极管。
   4          ********************************************************************************/
   5          #include <reg51.h> //包含头文件，在“reg51.h”上右键单击，并打开，可以看到它里面的定义
   6          
   7          sbit led1=P1^0;  //第一个led是和P1^0口连接的。
   8          sbit led3=P1^2;
   9          sbit led5=P1^4;
  10          sbit led7=P1^6;
  11          
  12          void main()
  13          {
  14   1              led1=0;    //参照电路图可知，P1^0为低电平，可以让led1点亮。
  15   1              led3=0;
  16   1              led5=0;
  17   1              led7=0;
  18   1              while(1);//此处设置一个死循环，让程序停留在这里，防止跑飞。
  19   1      }
  20          


MODULE INFORMATION:   STATIC OVERLAYABLE
   CODE SIZE        =     10    ----
   CONSTANT SIZE    =   ----    ----
   XDATA SIZE       =   ----    ----
   PDATA SIZE       =   ----    ----
   DATA SIZE        =   ----    ----
   IDATA SIZE       =   ----    ----
   BIT SIZE         =   ----    ----
END OF MODULE INFORMATION.


C51 COMPILATION COMPLETE.  0 WARNING(S),  0 ERROR(S)
