C51 COMPILER V9.00   0                                                                     03/26/2020 00:06:46 PAGE 1   


C51 COMPILER V9.00, COMPILATION OF MODULE 0
OBJECT MODULE PLACED IN 0.OBJ
COMPILER INVOKED BY: D:\Keil\C51\BIN\C51.EXE 0.c BROWSE DEBUG OBJECTEXTEND

line level    source

   1          /********************************************************************
   2                                          
   3          程序功能：      使用学习板键盘最下面一排左侧的S2键，控制一LED的亮灭
   4                                  按下后松开，led亮；按下后再松开，led灭。
   5                                  即使led像家里用的电灯一样受开关控制。
   6                                  本例子中，要掌握“输入输出”的概念，单片机作为一个控制芯片，
   7                                  必然要通过“输入输出”才可与外界相连。输入是感知外界状态，当
   8                                  将输入作一定处理后，再通过输出控制外部模块。
   9          **********************************************************************/
  10          
  11          #include<reg51.h>
  12          
  13          sbit s2=P3^4;    //采集按键状态，此时作为输入引脚
  14          sbit led=P1^0;   //此时作为输出引脚。
  15          
  16          void delay(unsigned char p)
  17          {
  18   1              unsigned char m,n;
  19   1              for(m=p;m>0;m--)
  20   1                      for(n=125;n>0;n--);
  21   1      }
  22          void main()
  23          {       
  24   1              while(1)
  25   1              {  
  26   2                 if(s2==0)  
  27   2                      {       
  28   3                              delay(300);      //消抖
  29   3                              if(s2==0)
  30   3                              {       while(!s2);//等待按键松开。
  31   4                                      led=~led;
  32   4                              }
  33   3                      }
  34   2      }
  35   1      }


MODULE INFORMATION:   STATIC OVERLAYABLE
   CODE SIZE        =     32    ----
   CONSTANT SIZE    =   ----    ----
   XDATA SIZE       =   ----    ----
   PDATA SIZE       =   ----    ----
   DATA SIZE        =   ----    ----
   IDATA SIZE       =   ----    ----
   BIT SIZE         =   ----    ----
END OF MODULE INFORMATION.


C51 COMPILATION COMPLETE.  0 WARNING(S),  0 ERROR(S)
