C51 COMPILER V9.00   BAOJING                                                               03/26/2020 23:39:26 PAGE 1   


C51 COMPILER V9.00, COMPILATION OF MODULE BAOJING
OBJECT MODULE PLACED IN baojing.OBJ
COMPILER INVOKED BY: D:\Keil\C51\BIN\C51.EXE baojing.c BROWSE DEBUG OBJECTEXTEND

line level    source

   1          /*********************************************************************
   2          
   3          程序功能：      按下学习板上的S2按键时（一直按着），会发出频率为1000HZ和2000HZ交替
   4                                  的信号，通过蜂鸣器发出类似于救护车发出的报警声。
   5          
   6          **********************************************************************/
   7          #include <reg51.h>
   8          #include <intrins.h>
   9          
  10          #define uchar unsigned char 
  11          #define uint unsigned int
  12          
  13          sbit beep=P2^3;
  14          sbit kaiguan=P3^4;
  15          
  16          void delay()               //大概0.5ms左右的延时
  17          {
  18   1              uint a;
  19   1              for(a=55;a>0;a--)
  20   1              {
  21   2                      _nop_();
  22   2              }
  23   1      }
  24          void main()
  25          {       delay();
  26   1              while(1)
  27   1              {
  28   2                      if(!kaiguan)
  29   2                      {
  30   3                              uint m;
  31   3                              for(m=800;m>0;m--)        //持续时间0.5ms*800=0.4s
  32   3                              {
  33   4                                      beep=~beep;             
  34   4                                      delay();                 //1000HZ的信号。
  35   4                              }
  36   3                              for(m=500;m>0;m--)       //持续时间0.5ms*2*500 =0.5s
  37   3                              {
  38   4                                      beep=~beep;
  39   4                                      delay();
  40   4                                      delay();                //500HZ的信号。
  41   4                              }
  42   3                      }
  43   2              }
  44   1      }


MODULE INFORMATION:   STATIC OVERLAYABLE
   CODE SIZE        =     86    ----
   CONSTANT SIZE    =   ----    ----
   XDATA SIZE       =   ----    ----
   PDATA SIZE       =   ----    ----
   DATA SIZE        =   ----       2
   IDATA SIZE       =   ----    ----
   BIT SIZE         =   ----    ----
END OF MODULE INFORMATION.

C51 COMPILER V9.00   BAOJING                                                               03/26/2020 23:39:26 PAGE 2   


C51 COMPILATION COMPLETE.  0 WARNING(S),  0 ERROR(S)
