C51 COMPILER V9.00   IIC                                                                   11/20/2019 01:36:48 PAGE 1   


C51 COMPILER V9.00, COMPILATION OF MODULE IIC
OBJECT MODULE PLACED IN iic.OBJ
COMPILER INVOKED BY: D:\Keil\C51\BIN\C51.EXE iic.c BROWSE DEBUG OBJECTEXTEND

line level    source

   1          /************************************************************************
   2          程序功能：      为IIC总线的基本驱动程序（此程序没有写主函数，只是一些IIC必备的子函数）。
   3          ***********************************************************************/
   4          
   5          #include<reg51.h>
   6          #include <intrins.h>
   7          #define uint unsigned int
   8          #define uchar unsigned char
   9          sbit sda=P2^0;                          //IO口定义
  10          sbit scl=P2^1;
  11          
  12          void nop()
  13          {
  14   1              _nop_();
  15   1              _nop_();
  16   1      }
  17          /////////24C02读写驱动程序////////////////////
  18          void delay1(unsigned int m)
  19          {       unsigned int n;
  20   1              for(n=0;n<m;n++);
  21   1      }
  22          
  23          void init()  //24c02初始化子程序
  24          {
  25   1              scl=1;
  26   1              nop();
  27   1              sda=1;
  28   1              nop();
  29   1      }
  30          
  31          void start()        //启动I2C总线
  32          {
  33   1              sda=1;
  34   1              nop();
  35   1              scl=1;
  36   1              nop();
  37   1              sda=0;
  38   1              nop();
  39   1              scl=0;
  40   1              nop();
  41   1      }
  42          
  43          void stop()         //停止I2C总线
  44          {
  45   1              sda=0;
  46   1              nop();
  47   1              scl=1;
  48   1              nop();
  49   1              sda=1;
  50   1              nop();
  51   1      }
  52          
  53          void writebyte(unsigned char j)  //写一个字节
  54          {
  55   1              unsigned char i,temp;
C51 COMPILER V9.00   IIC                                                                   11/20/2019 01:36:48 PAGE 2   

  56   1              temp=j;
  57   1              for (i=0;i<8;i++)
  58   1         {
  59   2                 temp=temp<<1;
  60   2                 scl=0;
  61   2                 nop();
  62   2                 sda=CY;              //temp左移时，移出的值放入了CY中
  63   2                 nop();
  64   2                 scl=1;               //待sda线上的数据稳定后，将scl拉高
  65   2                 nop();
  66   2         }
  67   1         scl=0;
  68   1         nop();
  69   1         sda=1;
  70   1         nop();
  71   1      }
  72          
  73          unsigned char readbyte()   //读一个字节
  74          {
  75   1         unsigned char i,j,k=0;
  76   1         scl=0; nop(); sda=1;
  77   1         for (i=0;i<8;i++)
  78   1         {  
  79   2                      nop(); scl=1; nop();
  80   2              if(sda==1) 
  81   2                      j=1;
  82   2              else
  83   2                      j=0;
  84   2              k=(k<<1)|j;
  85   2                      scl=0;
  86   2              }
  87   1              nop();
  88   1              return(k);
  89   1      }
  90          
  91          void clock()         //I2C总线时钟
  92          {
  93   1         unsigned char i=0;
  94   1         scl=1;
  95   1         nop();
  96   1         while((sda==1)&&(i<255))
  97   1                i++;
  98   1         scl=0;
  99   1         nop();
 100   1      }


MODULE INFORMATION:   STATIC OVERLAYABLE
   CODE SIZE        =    154    ----
   CONSTANT SIZE    =   ----    ----
   XDATA SIZE       =   ----    ----
   PDATA SIZE       =   ----    ----
   DATA SIZE        =   ----    ----
   IDATA SIZE       =   ----    ----
   BIT SIZE         =   ----    ----
END OF MODULE INFORMATION.


C51 COMPILATION COMPLETE.  0 WARNING(S),  0 ERROR(S)
