C51 COMPILER V9.00   DAFANGBO                                                              11/18/2019 12:45:23 PAGE 1   


C51 COMPILER V9.00, COMPILATION OF MODULE DAFANGBO
OBJECT MODULE PLACED IN DAfangbo.OBJ
COMPILER INVOKED BY: D:\Keil\C51\BIN\C51.EXE DAfangbo.c BROWSE DEBUG OBJECTEXTEND

line level    source

   1          //可观察到发光二极管再亮和灭两种状态之间闪烁。
   2          //若用示波器观察IOUT引脚电平，可看到方波波形。
   3          #include <reg52.h>
   4          sbit wela=P2^7;
   5          sbit dula=P2^6;
   6          sbit dawr=P3^6;
   7          sbit csda=P3^2;
   8          unsigned int j,k;
   9          void delay(unsigned int i)
  10          {
  11   1        for(j=i;j>0;j--)
  12   1          for(k=125;k>0;k--);
  13   1      }
  14          
  15          void main()
  16          {
  17   1        wela=0;
  18   1        dula=0;
  19   1      
  20   1        csda=0;
  21   1        dawr=0;
  22   1        while(1)
  23   1        {
  24   2                P0=0xff;
  25   2                delay(500);
  26   2                P0=0x00;
  27   2                delay(500);
  28   2        }
  29   1      }


MODULE INFORMATION:   STATIC OVERLAYABLE
   CODE SIZE        =     72    ----
   CONSTANT SIZE    =   ----    ----
   XDATA SIZE       =   ----    ----
   PDATA SIZE       =   ----    ----
   DATA SIZE        =      4    ----
   IDATA SIZE       =   ----    ----
   BIT SIZE         =   ----    ----
END OF MODULE INFORMATION.


C51 COMPILATION COMPLETE.  0 WARNING(S),  0 ERROR(S)
