C51 COMPILER V9.01   串口通信_从_                                                         05/17/2020 16:47:56 PAGE 1   


C51 COMPILER V9.01, COMPILATION OF MODULE 串口通信_从_
OBJECT MODULE PLACED IN 串口通信-从机.OBJ
COMPILER INVOKED BY: D:\Keli\C51\BIN\C51.EXE 串口通信-从机.c BROWSE DEBUG OBJECTEXTEND

line level    source

   1          //多机通信（1#子机）
   2          
   3          #include <reg51.h>
   4          #define NODE0_ADDR 0
   5          #define NODE1_ADDR 1
   6          #define uchar unsigned char
   7          
   8          uchar i,j;
   9          sbit P3_7=P3^7;
  10          //8led显示字形码(阳极)
  11          //uchar code table[22]={0xc0,0xf9,0xa4,0xb0,0x99,0x92,0x82,0xf8,0x80,0x90,0x88,0x83,0xc6,0xa1,0x86,0x8e,0x
             -00,0xc7};
  12          
  13          uchar code table[16]={0x88,0x83,0xc6,0xa1,0x86,0x8e,0x00,0x89,0x00,0x00,0x00,0xc7,0x00,0x00,0xc0};
  14          
  15          
  16          void delay(unsigned int i)  //可控时间延迟函数
  17          {
  18   1          unsigned int j;
  19   1          unsigned char k;
  20   1          for(j=i;j>0;j--)
  21   1          {
  22   2              for(k=125;k>0;k--);
  23   2          }
  24   1      }
  25          
  26          void display(uchar ch){
  27   1              if((ch>=65)&&(ch<=79)) P2=table[ch-65];
  28   1      }               
  29          
  30          void proc_key(uchar node_number,uchar str)//发送程序
  31          {        
  32   1          delay(200);
  33   1              /*
  34   1          SCON=0xd0;                  //串口方式3、多机通信、允许接收、中断标志清零
  35   1          TMOD=0x20;                  //T1定时方式2
  36   1          TH1=TL1=0xfd;               //9600bps
  37   1          TR1=1;                              //启动T1
  38   1              */              
  39   1          switch(node_number)//切换主机
  40   1              {
  41   2              case 0: 
  42   2              {
  43   3                  uchar pointer_0;    //主机当前发送字符指针
  44   3                              TB8=1;                          //发送地址帧
  45   3                              SBUF=node_number;
  46   3                              while(TI==0);           //等待地址帧发送结束
  47   3                              TI=0;                           //清TI标志
  48   3                              TB8=0;                          //准备发送数据帧
  49   3                              SBUF=str;                       //0#主机字符帧
  50   3                              while(TI==0);           //等待地址帧发送结束
  51   3                              TI=0;                           //清TI标志
  52   3              }
  53   2              default: break;
  54   2              }
C51 COMPILER V9.01   串口通信_从_                                                         05/17/2020 16:47:56 PAGE 2   

  55   1      }
*** WARNING C280 IN LINE 43 OF 串口通信-从机.C: 'pointer_0': unreferenced local variable
  56          
  57          void main(){
  58   1              SCON=0xd0;              //串口方式3、多机通信、允许接收、中断标志清零
  59   1              TMOD=0x20;              //T1定时方式2
  60   1              TH1=TL1=0xfd;   //9600bps
  61   1              TR1=1;                  //启动T1
  62   1              ES=1;EA=1;              //开中断
  63   1              while(1);
  64   1      }
  65          
  66          void receive(void) interrupt 4 {
  67   1              uchar message;
  68   1              RI=0; 
  69   1              if(RB8==1){
  70   2                      if(SBUF==NODE1_ADDR){
  71   3                              SM2=0;
  72   3                              P3_7=!P3_7;
  73   3                      }
  74   2                      return;
  75   2              }
  76   1              message = SBUF;
  77   1              display(SBUF);
  78   1              SM2=1;
  79   1              proc_key(NODE0_ADDR,message);//返回消息给主机
  80   1      }


MODULE INFORMATION:   STATIC OVERLAYABLE
   CODE SIZE        =    164    ----
   CONSTANT SIZE    =     16    ----
   XDATA SIZE       =   ----    ----
   PDATA SIZE       =   ----    ----
   DATA SIZE        =      2       1
   IDATA SIZE       =   ----    ----
   BIT SIZE         =   ----    ----
END OF MODULE INFORMATION.


C51 COMPILATION COMPLETE.  1 WARNING(S),  0 ERROR(S)
