C51 COMPILER V9.56.0.0   AD                                                                02/22/2018 15:00:49 PAGE 1   


C51 COMPILER V9.56.0.0, COMPILATION OF MODULE AD
OBJECT MODULE PLACED IN ad.OBJ
COMPILER INVOKED BY: C:\Keil_v5\C51\BIN\C51.EXE ad.c OPTIMIZE(8,SPEED) BROWSE DEBUG OBJECTEXTEND TABS(2)

line level    source

   1          #include <reg51.h>
   2          sbit P24 = P2^4;
   3          sbit P25 = P2^5;
   4          sbit P26= P2^6;
   5          sbit P27 = P2^7;
   6          unsigned char ad() {
   7   1        P25 = 0;
   8   1        P25 = 1;
   9   1        P25 = 0;
  10   1        while(!P26);
  11   1        P27 = 1;
  12   1        return P1;
  13   1      }
  14          void ad_init() {
  15   1        TMOD = 0x02;
  16   1        TH0  = 0;
  17   1        TL0  = 0; 
  18   1        ET0  = 1;
  19   1        TR0  = 1;
  20   1        EA   = 1;
  21   1      }
  22          void _ad_clock(void) interrupt 1 {
  23   1        P24 = ~P24;
  24   1      }


MODULE INFORMATION:   STATIC OVERLAYABLE
   CODE SIZE        =     32    ----
   CONSTANT SIZE    =   ----    ----
   XDATA SIZE       =   ----    ----
   PDATA SIZE       =   ----    ----
   DATA SIZE        =   ----    ----
   IDATA SIZE       =   ----    ----
   BIT SIZE         =   ----    ----
END OF MODULE INFORMATION.


C51 COMPILATION COMPLETE.  0 WARNING(S),  0 ERROR(S)
