C51 COMPILER V9.56.0.0   LED                                                               02/22/2018 15:00:49 PAGE 1   


C51 COMPILER V9.56.0.0, COMPILATION OF MODULE LED
OBJECT MODULE PLACED IN led.OBJ
COMPILER INVOKED BY: C:\Keil_v5\C51\BIN\C51.EXE led.c OPTIMIZE(8,SPEED) BROWSE DEBUG OBJECTEXTEND TABS(2)

line level    source

   1          #include <reg51.h>
   2          char code map1[] = {0x3F,0x06,0x5B,0x4F,0x66,0x6D,0x7D,0x07,0x7F,0x6F};//'0'~'9'
   3          char code map2[] = {0x00, 0x76, 0x38};//' ', 'H', 'L'
   4          
   5          char _convert(char c) {
   6   1        if (c == ' ') 
   7   1          return map2[0];
   8   1        else if (c == 'H')
   9   1          return map2[1];
  10   1        else if (c == 'L') 
  11   1          return map2[2];
  12   1        else if (c >= '0' && c <= '9')
  13   1            return map1[c - '0'];
  14   1        return 0;
  15   1      }
  16          
  17          void _delay() {
  18   1        int i = 0, j = 0;
  19   1        for (i = 0 ; i < 10 ; i++) {
  20   2          for (j = 0 ; j < 10 ;j++) {
  21   3          }
  22   2        }
  23   1      }
  24          
  25          void print(char name, unsigned int value) {  //动态显示函数 
  26   1        char buf[4]={"   "};
  27   1        char i,pos=0xf7;  
  28   1         
  29   1        for (i = 3 ; i > 0 ; i--) {
  30   2          buf[i] = '0' + value % 10;   //采样值分解存缓冲区
  31   2          value /= 10;        
  32   2          if (value == 0) {
  33   3            break;
  34   3          }
  35   2        }
  36   1        buf[0] = name;          //参数名存入缓冲区
  37   1          for (i = 0 ;i < 4 ;i++) {
  38   2            P2 = P2 | 0x0f;           //关断全部数码管
  39   2          P2 = P2 & pos;        //循环选通数码管
  40   2          P0 = _convert(buf[3-i]);  //输出显示码
  41   2          pos = (pos >> 1)|0x80;      //更新导通位码
  42   2          delay(); 
  43   2        } 
  44   1      }


MODULE INFORMATION:   STATIC OVERLAYABLE
   CODE SIZE        =    204    ----
   CONSTANT SIZE    =     17    ----
   XDATA SIZE       =   ----    ----
   PDATA SIZE       =   ----    ----
   DATA SIZE        =   ----       7
   IDATA SIZE       =   ----    ----
   BIT SIZE         =   ----    ----
END OF MODULE INFORMATION.

C51 COMPILER V9.56.0.0   LED                                                               02/22/2018 15:00:49 PAGE 2   


C51 COMPILATION COMPLETE.  0 WARNING(S),  0 ERROR(S)
