C51 COMPILER V9.56.0.0   SERIAL                                                            02/22/2018 15:00:50 PAGE 1   


C51 COMPILER V9.56.0.0, COMPILATION OF MODULE SERIAL
OBJECT MODULE PLACED IN serial.OBJ
COMPILER INVOKED BY: C:\Keil_v5\C51\BIN\C51.EXE serial.c OPTIMIZE(8,SPEED) BROWSE DEBUG OBJECTEXTEND TABS(2)

line level    source

   1          #include<reg51.h>
   2          void serial(char byte) 
   3          {
   4   1        SCON = 0;     //串口方式0
   5   1        SBUF = byte;  //输出数据送入缓冲区
   6   1        while(TI!=1); //等待移位结束
   7   1        TI=0;         //清理标志位
   8   1      }


MODULE INFORMATION:   STATIC OVERLAYABLE
   CODE SIZE        =     11    ----
   CONSTANT SIZE    =   ----    ----
   XDATA SIZE       =   ----    ----
   PDATA SIZE       =   ----    ----
   DATA SIZE        =   ----    ----
   IDATA SIZE       =   ----    ----
   BIT SIZE         =   ----    ----
END OF MODULE INFORMATION.


C51 COMPILATION COMPLETE.  0 WARNING(S),  0 ERROR(S)
