C51 COMPILER V9.01   CODE                                                                  04/03/2020 21:22:03 PAGE 1   


C51 COMPILER V9.01, COMPILATION OF MODULE CODE
OBJECT MODULE PLACED IN code.OBJ
COMPILER INVOKED BY: D:\Keli\C51\BIN\C51.EXE code.c BROWSE DEBUG OBJECTEXTEND

line level    source

   1          /*
   2          encoding:utf-8
   3          name:led-simple2
   4          function:
   5          1.上电复位后，全部LED点亮。
   6          2.当按下S2并弹起后，按D1-D7的顺序依次从上到下点亮LED。
   7          3.当按下S3并弹起后，按D7-D1的顺序依次从下到上点亮LED。
   8          4.当按下S4并弹起后，全部灯熄灭；再次当按下S4并弹起后，全部灯点亮。
   9          5.(自加)当按下S4并弹起后，led进入跑马灯模式，再次按下时退出。
  10          author:https://www.mrskye.cn
  11          */
  12          #include<reg51.h>
  13          #include<intrins.h>
  14          
  15          sbit LE=P2^5;
  16          unsigned char n;    //全局循环次数
  17          
  18          void init(void)
  19          {
  20   1          P1=0;   //复位点亮全部LED
  21   1      }
  22          
  23          void delay(unsigned int i)  //消抖延迟函数
  24          {
  25   1          unsigned int j;
  26   1          unsigned char k;
  27   1          for(j=i;j>0;j--)
  28   1          {
  29   2              for(k=125;k>0;k--);
  30   2          }
  31   1      }
  32          
  33          void main()
  34          {
  35   1          init();
  36   1          while(1)
  37   1          {
  38   2              if(P3!=0xff)
  39   2              {
  40   3                  delay(30);  //消抖
  41   3                  if(P3!=0xff)
  42   3                  {
  43   4                      switch(P3)
  44   4                      {
  45   5                          case 0xef:  //S2
  46   5                          {
  47   6                              while(P3==0xef); //判断按键状态
  48   6                              P1=0xfe;    //D0
  49   6                              delay(2500);    //D0亮时间
  50   6                              for(n=0;n<7;n++)    //循环8-1次
  51   6                              {
  52   7                                  P1=_crol_(P1,1);
  53   7                                  delay(2500);
  54   7                              }
  55   6                              init(); //重置led状态
C51 COMPILER V9.01   CODE                                                                  04/03/2020 21:22:03 PAGE 2   

  56   6                              break;
  57   6                          }
  58   5                          case 0xdf:  //S3
  59   5                          {
  60   6                              while(P3==0xdf); //判断按键状态
  61   6                              P1=0x7f;    //D7
  62   6                              delay(2500);    //D7亮时间
  63   6                              for(n=0;n<7;n++)    //循环8-1次
  64   6                              {
  65   7                                  P1=_cror_(P1,1);
  66   7                                  delay(2500);
  67   7                              }
  68   6                              init(); //重置led状态
  69   6                              break;
  70   6                          }
  71   5                          case 0xbf:  //S4
  72   5                          {
  73   6                              while(P3==0xbf); //判断按键状态
  74   6                              if(P1==0xff||P1==0x00)   //判断led状态避免未能全部关闭（开启）
  75   6                              {
  76   7                                  P1=~P1; //取反
  77   7                              }
  78   6                              else
  79   6                              {
  80   7                                  init(); //如果led状态非统一，则默认按下按键重置led
  81   7                              }
  82   6                              break;
  83   6                          }
  84   5                          case 0x7f:  //S5
  85   5                          {
  86   6                              while(P3==0x7f); //判断按键状态
  87   6                              for(P1=0x0;;P1--)
  88   6                              {
  89   7                                  if(P3==0x7f)break;  //再次按下退出跑马灯
  90   7                                  delay(1000);
  91   7                              }                        
  92   6                              init();
  93   6                              break;
  94   6                          }
  95   5                      }
  96   4                  }
  97   3              }
  98   2              
  99   2          }
 100   1      }


MODULE INFORMATION:   STATIC OVERLAYABLE
   CODE SIZE        =    209    ----
   CONSTANT SIZE    =   ----    ----
   XDATA SIZE       =   ----    ----
   PDATA SIZE       =   ----    ----
   DATA SIZE        =      1    ----
   IDATA SIZE       =   ----    ----
   BIT SIZE         =   ----    ----
END OF MODULE INFORMATION.


C51 COMPILATION COMPLETE.  0 WARNING(S),  0 ERROR(S)
