C51 COMPILER V8.02   MAICHONG                                                              07/05/2010 11:16:48 PAGE 1   


C51 COMPILER V8.02, COMPILATION OF MODULE MAICHONG
OBJECT MODULE PLACED IN maichong.OBJ
COMPILER INVOKED BY: D:\处理软件\keil\C51\BIN\C51.EXE maichong.c BROWSE DEBUG OBJECTEXTEND

line level    source

   1          /************************************************************************************
   2                                                  “天祥电子”    倾情奉献
   3                                                                  www.txmcu.cn
   4                                                                  www.txmcu.com
   5          *************************************************************************************
   6          程序功能：      用单品机的P1^0管脚模拟脉冲方波输出。可用示波器观察（观察时注意TX-1C学习板与示波器共地）
   7          ************************************************************************************/
   8          
   9          #include <reg52.h>
  10          
  11          sbit maichong=P1^0;
  12          
  13          void delay600us(void)   //误差 -1.041666666667us
  14          {
  15   1          unsigned char a,b;
  16   1          for(b=61;b>0;b--)
  17   1              for(a=3;a>0;a--);
  18   1      }
  19          
  20          
  21          void main()
  22          {
  23   1              while(1)
  24   1              {
  25   2                      maichong=1;
  26   2                      delay600us();
  27   2                      maichong=0;
  28   2                      delay600us();           
  29   2              }
  30   1      }


MODULE INFORMATION:   STATIC OVERLAYABLE
   CODE SIZE        =     21    ----
   CONSTANT SIZE    =   ----    ----
   XDATA SIZE       =   ----    ----
   PDATA SIZE       =   ----    ----
   DATA SIZE        =   ----    ----
   IDATA SIZE       =   ----    ----
   BIT SIZE         =   ----    ----
END OF MODULE INFORMATION.


C51 COMPILATION COMPLETE.  0 WARNING(S),  0 ERROR(S)
