C51 COMPILER V9.00   YIDENGSHANSHUO                                                        03/25/2020 17:28:02 PAGE 1   


C51 COMPILER V9.00, COMPILATION OF MODULE YIDENGSHANSHUO
OBJECT MODULE PLACED IN yidengshanshuo.OBJ
COMPILER INVOKED BY: D:\Keil\C51\BIN\C51.EXE yidengshanshuo.c BROWSE DEBUG OBJECTEXTEND

line level    source

   1          /********************************************************************
   2                                  
   3          程序功能：      让一LED闪烁十次后停止。
   4          
   5          **********************************************************************/
   6          #include <reg51.h>
   7          
   8          sbit led=P2^3;
   9          
  10          void delay(unsigned int i)
  11          {
  12   1              unsigned int j;
  13   1              unsigned char k;
  14   1              for(j=i;j>0;j--)
  15   1                      for(k=125;k>0;k--) ;
  16   1      }
  17          
  18          void main()
  19          {
  20   1              unsigned char m;
  21   1              for(m=20;m>0;m--)
  22   1              {
  23   2                      led=~led;       //！每隔一段时间即对输出取反。AA        55
  24   2                      delay(3000); //闪烁间隔。
  25   2              }
  26   1              while(1); //闪烁十次后，到此不再闪烁。
  27   1      }


MODULE INFORMATION:   STATIC OVERLAYABLE
   CODE SIZE        =     36    ----
   CONSTANT SIZE    =   ----    ----
   XDATA SIZE       =   ----    ----
   PDATA SIZE       =   ----    ----
   DATA SIZE        =   ----    ----
   IDATA SIZE       =   ----    ----
   BIT SIZE         =   ----    ----
END OF MODULE INFORMATION.


C51 COMPILATION COMPLETE.  0 WARNING(S),  0 ERROR(S)
