C51 COMPILER V9.00   MENLING                                                               03/27/2020 00:45:20 PAGE 1   


C51 COMPILER V9.00, COMPILATION OF MODULE MENLING
OBJECT MODULE PLACED IN menling.OBJ
COMPILER INVOKED BY: D:\Keil\C51\BIN\C51.EXE menling.c BROWSE DEBUG OBJECTEXTEND

line level    source

   1          
   2          /************************************************************************************************
   3                                                     
   4          程序功能：模拟简易门铃；且有关闭门铃功能。
   5                            当按下S2键后，蜂鸣器会发出十次短暂的“嘟嘟”声作为呼叫。
   6                            S3用于关闭或者打开门铃。
   7                            当门铃处于关闭时，按下S2不会有呼叫效果。
   8          ******************************************************************************************************/
   9          
  10          #include<reg52.h>
  11          
  12          #define uchar unsigned char 
  13          unsigned char k;
  14          uchar ok=1;//默认开机后，门铃开。
  15          unsigned int j;
  16          sbit s2=P3^4;
  17          sbit s3=P3^5;
  18          sbit beep=P2^3;
  19           
  20          void delay(unsigned int i)
  21          {
  22   1              for(j=i;j>0;j--)
  23   1              for(k=114;k>0;k--);
  24   1      }
  25          
  26          void main()
  27          {
  28   1              delay(1);
  29   1              while(1)
  30   1              {
  31   2                      if(ok==1)
  32   2                      {
  33   3                              if(s3==0)
  34   3                              {
  35   4                                      while(s3==0);
  36   4                                      ok=0;
  37   4                               }
  38   3                      }
  39   2                      else
  40   2                      {
  41   3                              if(s3==0)
  42   3                              {
  43   4                                      while(s3==0);
  44   4                                      ok=1;
  45   4                               }
  46   3                      }
  47   2                      if((s2==0)&(ok==1))
  48   2                      {       uchar i=5;
  49   3                              for(i=5;i>0;i--)
  50   3                              {
  51   4                                      beep=0;
  52   4                                      delay(800);
  53   4                                      beep=1;
  54   4                                      delay(800);
  55   4                      //              beep=0;
C51 COMPILER V9.00   MENLING                                                               03/27/2020 00:45:20 PAGE 2   

  56   4                      //              delay(1200);
  57   4                      //              beep=1;
  58   4                      //              delay(1300);
  59   4                              }
  60   3                      }
  61   2              }
  62   1      }
  63          
  64          


MODULE INFORMATION:   STATIC OVERLAYABLE
   CODE SIZE        =    119    ----
   CONSTANT SIZE    =   ----    ----
   XDATA SIZE       =   ----    ----
   PDATA SIZE       =   ----    ----
   DATA SIZE        =      4       1
   IDATA SIZE       =   ----    ----
   BIT SIZE         =   ----    ----
END OF MODULE INFORMATION.


C51 COMPILATION COMPLETE.  0 WARNING(S),  0 ERROR(S)
