C51 COMPILER V9.01   CODE                                                                  04/11/2020 14:31:24 PAGE 1   


C51 COMPILER V9.01, COMPILATION OF MODULE CODE
OBJECT MODULE PLACED IN code.OBJ
COMPILER INVOKED BY: D:\Keli\C51\BIN\C51.EXE code.c BROWSE DEBUG OBJECTEXTEND

line level    source

   1          /*
   2          proj:dp-led
   3          author:mrskye
   4          encoding:gbk
   5          */
   6          #include<reg52.h>
   7          
   8          sbit DULA = P2^6;
   9          sbit WELA = P2^7;
  10          
  11          unsigned char wordlist[] = {0x3f,0x06,0x5b,0x4f,0x66,0x6d,0x7d,0x07,0x7f,0x6f,0x77,0x7c,0x39,0x5e,0x79,0x7
             -1,0x00};
  12          unsigned char ledlist[] = {0xfe,0xfd,0xfb,0xf7,0xef,0x5f};
  13          
  14          void delay(unsigned int i)
  15          {
  16   1          unsigned int m,n;
  17   1          for(m=i;m>0;m--)
  18   1                      for(n=90;n>0;n--);
  19   1      }
  20          
  21          void display(unsigned char word,unsigned char led,unsigned int time)
  22          {
  23   1          //选中显示位
  24   1          P0 = led;
  25   1          WELA = 1;
  26   1          WELA = 0;
  27   1          //输出字符
  28   1          P0 = word;
  29   1          DULA = 1;
  30   1          DULA = 0;
  31   1          //延迟时间
  32   1          delay(time);
  33   1      }
  34          
  35          void main()
  36          {
  37   1          while (1)
  38   1          {
  39   2              display(wordlist[14],ledlist[0],10);
  40   2              display(wordlist[6],ledlist[1],10);
  41   2              display(wordlist[0],ledlist[2],10);
  42   2              display(wordlist[1],ledlist[3],10);
  43   2              display(wordlist[3],ledlist[4],10);
  44   2              display(wordlist[2],ledlist[5],10);
  45   2          }
  46   1          
  47   1      }


MODULE INFORMATION:   STATIC OVERLAYABLE
   CODE SIZE        =     99    ----
   CONSTANT SIZE    =   ----    ----
   XDATA SIZE       =   ----    ----
   PDATA SIZE       =   ----    ----
C51 COMPILER V9.01   CODE                                                                  04/11/2020 14:31:24 PAGE 2   

   DATA SIZE        =     23    ----
   IDATA SIZE       =   ----    ----
   BIT SIZE         =   ----    ----
END OF MODULE INFORMATION.


C51 COMPILATION COMPLETE.  0 WARNING(S),  0 ERROR(S)
