C51 COMPILER V8.02   SMG                                                                   06/26/2010 11:34:25 PAGE 1   


C51 COMPILER V8.02, COMPILATION OF MODULE SMG
OBJECT MODULE PLACED IN smg.OBJ
COMPILER INVOKED BY: D:\处理软件\keil\C51\BIN\C51.EXE smg.c BROWSE DEBUG OBJECTEXTEND

line level    source

   1          /********************************************************************
   2                                          “天祥电子”            倾情奉献
   3                                                          www.txmcu.com
   4                                                          www.txmcu.cn
   5          **********************************************************************
   6          
   7          程序功能：      让TX-1C学习板的第一个数码管静态的显示数字3。
   8          
   9          **********************************************************************/
  10          #include <reg51.h>
  11          
  12          sbit dula=P2^6;         //段选信号的锁存器控制
  13          sbit wela=P2^7;         //位选信号的锁存器控制
  14          
  15          void main()
  16          {
  17   1              dula=0;
  18   1              wela=0;
  19   1      
  20   1              P0=0x4f;           //数字“3”的代码
  21   1              dula=1;
  22   1              dula=0;
  23   1      
  24   1              P0=0xfe;           //选中第一个数码管
  25   1              wela=1;
  26   1              wela=0;
  27   1      
  28   1              while(1);
  29   1      }
  30          


MODULE INFORMATION:   STATIC OVERLAYABLE
   CODE SIZE        =     20    ----
   CONSTANT SIZE    =   ----    ----
   XDATA SIZE       =   ----    ----
   PDATA SIZE       =   ----    ----
   DATA SIZE        =   ----    ----
   IDATA SIZE       =   ----    ----
   BIT SIZE         =   ----    ----
END OF MODULE INFORMATION.


C51 COMPILATION COMPLETE.  0 WARNING(S),  0 ERROR(S)
