C51 COMPILER V9.00   SHIBIE                                                                03/27/2020 15:34:49 PAGE 1   


C51 COMPILER V9.00, COMPILATION OF MODULE SHIBIE
OBJECT MODULE PLACED IN shibie.OBJ
COMPILER INVOKED BY: D:\Keil\C51\BIN\C51.EXE shibie.c BROWSE DEBUG OBJECTEXTEND

line level    source

   1          /************************************************************************************************
   2                                                     
   3          程序功能： 生活中常见一个按键随着按下次数不同对应不同功能，
   4                             本程序以学习板中的s2键为例，模拟其具有2种功能，
   5                             一是点亮一个发光二极管，二是蜂鸣器发声
   6          ******************************************************************************************************/
   7          
   8          #include<reg52.h>
   9          
  10          #define uchar unsigned char 
  11          uchar num;
  12          
  13          sbit beep=P2^3;
  14          sbit led=P1^0;
  15          sbit s2=P3^4;
  16          
  17          void delay(uchar i)
  18          {
  19   1              unsigned int j,k;
  20   1              for(j=i;j>0;j--)
  21   1                      for(k=114;k>0;k--);               //11.0592MHz时k=114延时为1ms；12MHz时k=123,延时1ms
  22   1      }
  23          
  24          
  25          void main()
  26          {       delay(1) ;
  27   1              while(1)
  28   1              {
  29   2                      if(s2==0)
  30   2                      {
  31   3                              delay(20);               //消抖
  32   3                              if(s2==0)
  33   3                              {
  34   4                                      while(!s2);      //等待按键松开
  35   4                                      num++;
  36   4                              }
  37   3                              switch(num)
  38   3                              {
  39   4                                      case 1: led=0;  beep=1; break;
  40   4                                      case 2: beep=0; led=1;  num=0; break;
  41   4                              }
  42   3                      }
  43   2              }
  44   1      }


MODULE INFORMATION:   STATIC OVERLAYABLE
   CODE SIZE        =     77    ----
   CONSTANT SIZE    =   ----    ----
   XDATA SIZE       =   ----    ----
   PDATA SIZE       =   ----    ----
   DATA SIZE        =      1    ----
   IDATA SIZE       =   ----    ----
   BIT SIZE         =   ----    ----
END OF MODULE INFORMATION.

C51 COMPILER V9.00   SHIBIE                                                                03/27/2020 15:34:49 PAGE 2   


C51 COMPILATION COMPLETE.  0 WARNING(S),  0 ERROR(S)
