C51 COMPILER V9.00   BEEP                                                                  09/03/2019 16:06:40 PAGE 1   


C51 COMPILER V9.00, COMPILATION OF MODULE BEEP
OBJECT MODULE PLACED IN beep.OBJ
COMPILER INVOKED BY: D:\Keil\C51\BIN\C51.EXE beep.c BROWSE DEBUG OBJECTEXTEND

line level    source

   1          /***********************************************************************
   2                                                  
   3          
   4          程序功能：      本程序为蜂鸣器的基本驱动示例，当按键S2被按下时，蜂鸣器响。
   5                                  松开后不响。
   6          **************************************************************************/
   7          
   8          #include<reg52.h>
   9          
  10          sbit s2=P3^4;
  11          sbit beep=P2^3;
  12          
  13          void main()
  14          {
  15   1              while(1)
  16   1              {
  17   2                      if(!s2)
  18   2                              beep=0;
  19   2                      else
  20   2                              beep=1;
  21   2              }
  22   1      }


MODULE INFORMATION:   STATIC OVERLAYABLE
   CODE SIZE        =     11    ----
   CONSTANT SIZE    =   ----    ----
   XDATA SIZE       =   ----    ----
   PDATA SIZE       =   ----    ----
   DATA SIZE        =   ----    ----
   IDATA SIZE       =   ----    ----
   BIT SIZE         =   ----    ----
END OF MODULE INFORMATION.


C51 COMPILATION COMPLETE.  0 WARNING(S),  0 ERROR(S)
